<?xml version="1.0" encoding="UTF-8"?>
<testsuite name="com.lowes.payment.loyaltyApi.LoyaltyApi.LoyaltyApiApplicationTests" tests="1" skipped="0" failures="0" errors="0" timestamp="2019-11-13T14:35:07" hostname="NB1499-PC0V6X1C" time="0.357">
  <properties/>
  <testcase name="contextLoads()" classname="com.lowes.payment.loyaltyApi.LoyaltyApi.LoyaltyApiApplicationTests" time="0.357"/>
  <system-out><![CDATA[20:05:04.872 [Test worker] DEBUG org.springframework.test.context.BootstrapUtils - Instantiating CacheAwareContextLoaderDelegate from class [org.springframework.test.context.cache.DefaultCacheAwareContextLoaderDelegate]
20:05:04.893 [Test worker] DEBUG org.springframework.test.context.BootstrapUtils - Instantiating BootstrapContext using constructor [public org.springframework.test.context.support.DefaultBootstrapContext(java.lang.Class,org.springframework.test.context.CacheAwareContextLoaderDelegate)]
20:05:04.928 [Test worker] DEBUG org.springframework.test.context.BootstrapUtils - Instantiating TestContextBootstrapper for test class [com.lowes.payment.loyaltyApi.LoyaltyApi.LoyaltyApiApplicationTests] from class [org.springframework.boot.test.context.SpringBootTestContextBootstrapper]
20:05:04.952 [Test worker] INFO org.springframework.boot.test.context.SpringBootTestContextBootstrapper - Neither @ContextConfiguration nor @ContextHierarchy found for test class [com.lowes.payment.loyaltyApi.LoyaltyApi.LoyaltyApiApplicationTests], using SpringBootContextLoader
20:05:04.957 [Test worker] DEBUG org.springframework.test.context.support.AbstractContextLoader - Did not detect default resource location for test class [com.lowes.payment.loyaltyApi.LoyaltyApi.LoyaltyApiApplicationTests]: class path resource [com/lowes/payment/loyaltyApi/LoyaltyApi/LoyaltyApiApplicationTests-context.xml] does not exist
20:05:04.957 [Test worker] DEBUG org.springframework.test.context.support.AbstractContextLoader - Did not detect default resource location for test class [com.lowes.payment.loyaltyApi.LoyaltyApi.LoyaltyApiApplicationTests]: class path resource [com/lowes/payment/loyaltyApi/LoyaltyApi/LoyaltyApiApplicationTestsContext.groovy] does not exist
20:05:04.957 [Test worker] INFO org.springframework.test.context.support.AbstractContextLoader - Could not detect default resource locations for test class [com.lowes.payment.loyaltyApi.LoyaltyApi.LoyaltyApiApplicationTests]: no resource found for suffixes {-context.xml, Context.groovy}.
20:05:04.959 [Test worker] INFO org.springframework.test.context.support.AnnotationConfigContextLoaderUtils - Could not detect default configuration classes for test class [com.lowes.payment.loyaltyApi.LoyaltyApi.LoyaltyApiApplicationTests]: LoyaltyApiApplicationTests does not declare any static, non-private, non-final, nested classes annotated with @Configuration.
20:05:05.009 [Test worker] DEBUG org.springframework.test.context.support.ActiveProfilesUtils - Could not find an 'annotation declaring class' for annotation type [org.springframework.test.context.ActiveProfiles] and class [com.lowes.payment.loyaltyApi.LoyaltyApi.LoyaltyApiApplicationTests]
20:05:05.088 [Test worker] DEBUG org.springframework.context.annotation.ClassPathScanningCandidateComponentProvider - Identified candidate component class: file [C:\Users\karum\STEP UP\Workspace\LoyaltyApi\build\classes\java\main\com\lowes\payment\loyaltyApi\LoyaltyApi\LoyaltyApiApplication.class]
20:05:05.090 [Test worker] INFO org.springframework.boot.test.context.SpringBootTestContextBootstrapper - Found @SpringBootConfiguration com.lowes.payment.loyaltyApi.LoyaltyApi.LoyaltyApiApplication for test class com.lowes.payment.loyaltyApi.LoyaltyApi.LoyaltyApiApplicationTests
20:05:05.218 [Test worker] DEBUG org.springframework.boot.test.context.SpringBootTestContextBootstrapper - @TestExecutionListeners is not present for class [com.lowes.payment.loyaltyApi.LoyaltyApi.LoyaltyApiApplicationTests]: using defaults.
20:05:05.219 [Test worker] INFO org.springframework.boot.test.context.SpringBootTestContextBootstrapper - Loaded default TestExecutionListener class names from location [META-INF/spring.factories]: [org.springframework.boot.test.autoconfigure.restdocs.RestDocsTestExecutionListener, org.springframework.boot.test.autoconfigure.web.client.MockRestServiceServerResetTestExecutionListener, org.springframework.boot.test.autoconfigure.web.servlet.MockMvcPrintOnlyOnFailureTestExecutionListener, org.springframework.boot.test.autoconfigure.web.servlet.WebDriverTestExecutionListener, org.springframework.boot.test.mock.mockito.MockitoTestExecutionListener, org.springframework.boot.test.mock.mockito.ResetMocksTestExecutionListener, org.springframework.test.context.web.ServletTestExecutionListener, org.springframework.test.context.support.DirtiesContextBeforeModesTestExecutionListener, org.springframework.test.context.support.DependencyInjectionTestExecutionListener, org.springframework.test.context.support.DirtiesContextTestExecutionListener, org.springframework.test.context.transaction.TransactionalTestExecutionListener, org.springframework.test.context.jdbc.SqlScriptsTestExecutionListener, org.springframework.test.context.event.EventPublishingTestExecutionListener]
20:05:05.237 [Test worker] DEBUG org.springframework.boot.test.context.SpringBootTestContextBootstrapper - Skipping candidate TestExecutionListener [org.springframework.test.context.transaction.TransactionalTestExecutionListener] due to a missing dependency. Specify custom listener classes or make the default listener classes and their required dependencies available. Offending class: [org/springframework/transaction/interceptor/TransactionAttributeSource]
20:05:05.238 [Test worker] DEBUG org.springframework.boot.test.context.SpringBootTestContextBootstrapper - Skipping candidate TestExecutionListener [org.springframework.test.context.jdbc.SqlScriptsTestExecutionListener] due to a missing dependency. Specify custom listener classes or make the default listener classes and their required dependencies available. Offending class: [org/springframework/transaction/interceptor/TransactionAttribute]
20:05:05.239 [Test worker] INFO org.springframework.boot.test.context.SpringBootTestContextBootstrapper - Using TestExecutionListeners: [org.springframework.test.context.web.ServletTestExecutionListener@43ba1455, org.springframework.test.context.support.DirtiesContextBeforeModesTestExecutionListener@35f46f49, org.springframework.boot.test.mock.mockito.MockitoTestExecutionListener@16084609, org.springframework.boot.test.autoconfigure.SpringBootDependencyInjectionTestExecutionListener@5e387f9c, org.springframework.test.context.support.DirtiesContextTestExecutionListener@4d33c0b2, org.springframework.test.context.event.EventPublishingTestExecutionListener@5b2b707a, org.springframework.boot.test.autoconfigure.restdocs.RestDocsTestExecutionListener@f474d18, org.springframework.boot.test.autoconfigure.web.client.MockRestServiceServerResetTestExecutionListener@129e17f3, org.springframework.boot.test.autoconfigure.web.servlet.MockMvcPrintOnlyOnFailureTestExecutionListener@41fb7342, org.springframework.boot.test.autoconfigure.web.servlet.WebDriverTestExecutionListener@415373a7, org.springframework.boot.test.mock.mockito.ResetMocksTestExecutionListener@7449d918]
20:05:05.244 [Test worker] DEBUG org.springframework.test.context.support.AbstractDirtiesContextTestExecutionListener - Before test class: context [DefaultTestContext@39634078 testClass = LoyaltyApiApplicationTests, testInstance = [null], testMethod = [null], testException = [null], mergedContextConfiguration = [WebMergedContextConfiguration@229de114 testClass = LoyaltyApiApplicationTests, locations = '{}', classes = '{class com.lowes.payment.loyaltyApi.LoyaltyApi.LoyaltyApiApplication}', contextInitializerClasses = '[]', activeProfiles = '{}', propertySourceLocations = '{}', propertySourceProperties = '{org.springframework.boot.test.context.SpringBootTestContextBootstrapper=true}', contextCustomizers = set[org.springframework.boot.test.autoconfigure.properties.PropertyMappingContextCustomizer@0, org.springframework.boot.test.autoconfigure.web.servlet.WebDriverContextCustomizerFactory$Customizer@2eaece31, org.springframework.boot.test.context.filter.ExcludeFilterContextCustomizer@169e9883, org.springframework.boot.test.json.DuplicateJsonObjectContextCustomizerFactory$DuplicateJsonObjectContextCustomizer@17800581, org.springframework.boot.test.mock.mockito.MockitoContextCustomizer@0, org.springframework.boot.test.web.client.TestRestTemplateContextCustomizer@33d95b96], resourceBasePath = 'src/main/webapp', contextLoader = 'org.springframework.boot.test.context.SpringBootContextLoader', parent = [null]], attributes = map['org.springframework.test.context.web.ServletTestExecutionListener.activateListener' -> true]], class annotated with @DirtiesContext [false] with mode [null].
20:05:05.277 [Test worker] DEBUG org.springframework.test.context.support.TestPropertySourceUtils - Adding inlined properties to environment: {spring.jmx.enabled=false, org.springframework.boot.test.context.SpringBootTestContextBootstrapper=true, server.port=-1}

  .   ____          _            __ _ _
 /\\ / ___'_ __ _ _(_)_ __  __ _ \ \ \ \
( ( )\___ | '_ | '_| | '_ \/ _` | \ \ \ \
 \\/  ___)| |_)| | | | | || (_| |  ) ) ) )
  '  |____| .__|_| |_|_| |_\__, | / / / /
 =========|_|==============|___/=/_/_/_/
 :: Spring Boot ::        (v2.2.1.RELEASE)

2019-11-13 20:05:05.533  INFO 13996 --- [    Test worker] c.l.p.l.L.LoyaltyApiApplicationTests     : Starting LoyaltyApiApplicationTests on NB1499-PC0V6X1C with PID 13996 (started by karum in C:\Users\karum\STEP UP\Workspace\LoyaltyApi)
2019-11-13 20:05:05.534  INFO 13996 --- [    Test worker] c.l.p.l.L.LoyaltyApiApplicationTests     : No active profile set, falling back to default profiles: default
2019-11-13 20:05:06.933  INFO 13996 --- [    Test worker] o.s.s.concurrent.ThreadPoolTaskExecutor  : Initializing ExecutorService 'applicationTaskExecutor'
2019-11-13 20:05:07.301  INFO 13996 --- [    Test worker] c.l.p.l.L.LoyaltyApiApplicationTests     : Started LoyaltyApiApplicationTests in 2.012 seconds (JVM running for 3.782)
]]></system-out>
  <system-err><![CDATA[]]></system-err>
</testsuite>
